<?xml version="1.0" encoding="UTF-8"?>
<!-- Generated by org.testng.reporters.JUnitReportReporter -->
<testsuite hostname="TYSS-Rakesh" failures="0" tests="6" name="RUNNER.Writer1" time="3.252" errors="0" timestamp="2023-04-20T23:03:56 IST" skipped="0">
  <testcase classname="RUNNER.Writer1" name="filler" time="0.478"/>
  <system-out/>
  <testcase classname="RUNNER.Writer1" name="filler" time="0.492"/>
  <system-out/>
  <testcase classname="RUNNER.Writer1" name="filler" time="0.627"/>
  <system-out/>
  <testcase classname="RUNNER.Writer1" name="filler" time="0.507"/>
  <system-out/>
  <testcase classname="RUNNER.Writer1" name="filler" time="0.493"/>
  <system-out/>
  <testcase classname="RUNNER.Writer1" name="filler" time="0.655"/>
  <system-out/>
</testsuite> <!-- RUNNER.Writer1 -->
