<?xml version="1.0" encoding="UTF-8"?>
<!-- Generated by org.testng.reporters.JUnitReportReporter -->
<testsuite hostname="TYSS-Rakesh" failures="0" tests="1" name="RUNNER.Reader1" time="10.149" errors="0" timestamp="2023-11-16T15:54:12 IST" skipped="0">
  <testcase classname="RUNNER.Reader1" name="write" time="10.149"/>
  <system-out/>
</testsuite> <!-- RUNNER.Reader1 -->
