<?xml version="1.0" encoding="UTF-8"?>
<!-- Generated by org.testng.reporters.JUnitReportReporter -->
<testsuite hostname="TYSS-Rakesh" failures="0" tests="6" name="RUNNER.Writer3" time="2.531" errors="0" timestamp="2023-11-16T17:19:57 IST" skipped="0">
  <testcase classname="RUNNER.Writer3" name="filler" time="0.331"/>
  <system-out/>
  <testcase classname="RUNNER.Writer3" name="filler" time="0.434"/>
  <system-out/>
  <testcase classname="RUNNER.Writer3" name="filler" time="0.452"/>
  <system-out/>
  <testcase classname="RUNNER.Writer3" name="filler" time="0.495"/>
  <system-out/>
  <testcase classname="RUNNER.Writer3" name="filler" time="0.352"/>
  <system-out/>
  <testcase classname="RUNNER.Writer3" name="filler" time="0.467"/>
  <system-out/>
</testsuite> <!-- RUNNER.Writer3 -->
