<?xml version="1.0" encoding="UTF-8"?>
<!-- Generated by org.testng.reporters.JUnitReportReporter -->
<testsuite hostname="TYSS-Rakesh" failures="0" tests="1" name="RUNNER.Reader" time="17.186" errors="0" timestamp="2023-11-15T14:34:42 IST" skipped="0">
  <testcase classname="RUNNER.Reader" name="write" time="17.186"/>
  <system-out/>
</testsuite> <!-- RUNNER.Reader -->
