<?xml version="1.0" encoding="UTF-8"?>
<!-- Generated by org.testng.reporters.JUnitReportReporter -->
<testsuite hostname="TYSS-Rakesh" failures="0" tests="1" name="sample.DemoTest" time="3.055" errors="0" timestamp="2023-11-21T15:27:57 IST" skipped="0">
  <testcase classname="sample.DemoTest" name="demo" time="3.055"/>
  <system-out/>
</testsuite> <!-- sample.DemoTest -->
