<?xml version="1.0" encoding="UTF-8"?>
<!-- Generated by org.testng.reporters.JUnitReportReporter -->
<testsuite hostname="TYSS-Rakesh" failures="0" tests="1" name="com.ff.wishlist.TC001" time="3.059" errors="0" timestamp="2023-11-22T18:37:54 IST" skipped="0">
  <testcase classname="com.ff.wishlist.TC001" name="demo" time="3.059"/>
  <system-out/>
</testsuite> <!-- com.ff.wishlist.TC001 -->
