<?xml version="1.0" encoding="UTF-8"?>
<!-- Generated by org.testng.reporters.JUnitReportReporter -->
<testsuite hostname="TYSS-Rakesh" failures="0" tests="1" name="com.ff.wishlist.TC001Test" time="3.155" errors="0" timestamp="2023-11-22T18:52:00 IST" skipped="0">
  <testcase classname="com.ff.wishlist.TC001Test" name="demo" time="3.155"/>
  <system-out/>
</testsuite> <!-- com.ff.wishlist.TC001Test -->
