<?xml version="1.0" encoding="UTF-8"?>
<!-- Generated by org.testng.reporters.JUnitReportReporter -->
<testsuite hostname="TYSS-Rakesh" failures="0" tests="1" name="sample.Sample4" time="4.722" errors="0" timestamp="2023-11-21T11:52:26 IST" skipped="0">
  <testcase classname="sample.Sample4" name="demo" time="4.722"/>
  <system-out/>
</testsuite> <!-- sample.Sample4 -->
